# JRE version: OpenJDK Runtime Environment Temurin-21.0.4+7 (21.0.4+7) (build 21.0.4+7-LTS)
# Java VM: OpenJDK 64-Bit Server VM Temurin-21.0.4+7 (21.0.4+7-LTS, mixed mode, tiered, compressed oops, compressed class ptrs, g1 gc, bsd-aarch64)
Heap:
 garbage-first heap   total 131072K, used 78183K [0x0000000780000000, 0x0000000800000000)
  region size 1024K, 72 young (73728K), 3 survivors (3072K)
 Metaspace       used 16430K, committed 16640K, reserved 1114112K
  class space    used 1551K, committed 1664K, reserved 1048576K
GC Heap History (6 events):
Event: 61.261 GC heap before
{Heap before GC invocations=0 (full 0):
 garbage-first heap   total 131072K, used 28672K [0x0000000780000000, 0x0000000800000000)
  region size 1024K, 23 young (23552K), 0 survivors (0K)
 Metaspace       used 16406K, committed 16640K, reserved 1114112K
  class space    used 1550K, committed 1664K, reserved 1048576K
}
Event: 61.270 GC heap after
{Heap after GC invocations=1 (full 0):
 garbage-first heap   total 131072K, used 8448K [0x0000000780000000, 0x0000000800000000)
  region size 1024K, 3 young (3072K), 3 survivors (3072K)
 Metaspace       used 16406K, committed 16640K, reserved 1114112K
  class space    used 1550K, committed 1664K, reserved 1048576K
}
Event: 264.374 GC heap before
{Heap before GC invocations=1 (full 0):
 garbage-first heap   total 131072K, used 45312K [0x0000000780000000, 0x0000000800000000)
  region size 1024K, 38 young (38912K), 3 survivors (3072K)
 Metaspace       used 16426K, committed 16640K, reserved 1114112K
  class space    used 1551K, committed 1664K, reserved 1048576K
}
Event: 264.382 GC heap after
{Heap after GC invocations=2 (full 0):
 garbage-first heap   total 131072K, used 6498K [0x0000000780000000, 0x0000000800000000)
  region size 1024K, 3 young (3072K), 3 survivors (3072K)
 Metaspace       used 16426K, committed 16640K, reserved 1114112K
  class space    used 1551K, committed 1664K, reserved 1048576K
}
Event: 700.905 GC heap before
{Heap before GC invocations=2 (full 0):
 garbage-first heap   total 131072K, used 82274K [0x0000000780000000, 0x0000000800000000)
  region size 1024K, 76 young (77824K), 3 survivors (3072K)
 Metaspace       used 16426K, committed 16640K, reserved 1114112K
  class space    used 1551K, committed 1664K, reserved 1048576K
}
Event: 700.911 GC heap after
{Heap after GC invocations=3 (full 0):
 garbage-first heap   total 131072K, used 6503K [0x0000000780000000, 0x0000000800000000)
  region size 1024K, 3 young (3072K), 3 survivors (3072K)
 Metaspace       used 16426K, committed 16640K, reserved 1114112K
  class space    used 1551K, committed 1664K, reserved 1048576K
}

